<?xml version="1.0" encoding="UTF-8"?>
<testng-results skipped="0" failed="0" ignored="0" total="5" passed="5">
  <reporter-output>
  </reporter-output>
  <suite name="Loan Department" duration-ms="338" started-at="2018-02-13T07:23:39Z" finished-at="2018-02-13T07:23:39Z">
    <groups>
    </groups>
    <test name="Personal loan" duration-ms="153" started-at="2018-02-13T07:23:39Z" finished-at="2018-02-13T07:23:39Z">
      <class name="test.day1">
        <test-method status="PASS" signature="Demo()[pri:0, instance:test.day1@23ceabc1]" name="Demo" duration-ms="30" started-at="2018-02-13T12:53:39Z" finished-at="2018-02-13T12:53:39Z">
          <reporter-output>
          </reporter-output>
        </test-method> <!-- Demo -->
        <test-method status="PASS" signature="Second()[pri:0, instance:test.day1@23ceabc1]" name="Second" duration-ms="0" started-at="2018-02-13T12:53:39Z" finished-at="2018-02-13T12:53:39Z">
          <reporter-output>
          </reporter-output>
        </test-method> <!-- Second -->
      </class> <!-- test.day1 -->
    </test> <!-- Personal loan -->
    <test name="Car Loan" duration-ms="38" started-at="2018-02-13T07:23:39Z" finished-at="2018-02-13T07:23:39Z">
      <class name="test.day3">
        <test-method status="PASS" signature="LoginAPIHomeLoan()[pri:0, instance:test.day3@cc285f4]" name="LoginAPIHomeLoan" duration-ms="0" started-at="2018-02-13T12:53:39Z" finished-at="2018-02-13T12:53:39Z">
          <reporter-output>
          </reporter-output>
        </test-method> <!-- LoginAPIHomeLoan -->
        <test-method status="PASS" signature="MobileLogincarloan()[pri:0, instance:test.day3@cc285f4]" name="MobileLogincarloan" duration-ms="20" started-at="2018-02-13T12:53:39Z" finished-at="2018-02-13T12:53:39Z">
          <reporter-output>
          </reporter-output>
        </test-method> <!-- MobileLogincarloan -->
        <test-method status="PASS" signature="WebloginCarloan(java.lang.String)[pri:0, instance:test.day3@cc285f4]" name="WebloginCarloan" duration-ms="0" started-at="2018-02-13T12:53:39Z" finished-at="2018-02-13T12:53:39Z">
          <params>
            <param index="0">
              <value>
                <![CDATA[qaclickacademy.com]]>
              </value>
            </param>
          </params>
          <reporter-output>
          </reporter-output>
        </test-method> <!-- WebloginCarloan -->
      </class> <!-- test.day3 -->
    </test> <!-- Car Loan -->
  </suite> <!-- Loan Department -->
</testng-results>
