<?xml version="1.0" encoding="UTF-8"?>
<!-- Generated by org.testng.reporters.JUnitXMLReporter -->
<testsuite hostname="DESKTOP-7I41IDH" ignored="0" name="Car Loan" tests="3" failures="0" timestamp="13 Feb 2018 07:23:39 GMT" time="0.038" errors="0">
  <testcase name="LoginAPIHomeLoan" time="0.0" classname="test.day3"/>
  <testcase name="MobileLogincarloan" time="0.02" classname="test.day3"/>
  <testcase name="WebloginCarloan" time="0.0" classname="test.day3"/>
</testsuite> <!-- Car Loan -->
